<?xml version="1.0" encoding="UTF-8"?>
<!-- Generated by org.testng.reporters.JUnitReportReporter -->
<testsuite hostname="Admin-PC" name="com.hmr.testcases.MainLout" tests="1" failures="0" timestamp="17 Mar 2020 15:08:57 GMT" time="2.731" errors="0">
  <testcase name="TC_05" time="2.731" classname="com.hmr.testcases.MainLout"/>
</testsuite> <!-- com.hmr.testcases.MainLout -->
