<?xml version="1.0" encoding="UTF-8"?>
<!-- Generated by org.testng.reporters.JUnitReportReporter -->
<testsuite hostname="Admin-PC" name="com.hmr.testcases.MainProfile" tests="1" failures="0" timestamp="17 Mar 2020 15:08:57 GMT" time="3.072" errors="0">
  <testcase name="TC_03" time="3.072" classname="com.hmr.testcases.MainProfile"/>
</testsuite> <!-- com.hmr.testcases.MainProfile -->
