<?xml version="1.0" encoding="UTF-8"?>
<!-- Generated by org.testng.reporters.JUnitReportReporter -->
<testsuite skipped="0" hostname="Admin-PC" name="com.hmr.testcases.LoginTest" tests="1" failures="0" timestamp="17 Mar 2020 15:10:22 GMT" time="1.662" errors="0">
  <testcase name="TC_01" time="1.662" classname="com.hmr.testcases.LoginTest"/>
</testsuite> <!-- com.hmr.testcases.LoginTest -->
