<?xml version="1.0" encoding="UTF-8"?>
<!-- Generated by org.testng.reporters.JUnitReportReporter -->
<testsuite skipped="0" hostname="Admin-PC" name="com.hmr.testcases.MainPageTest" tests="1" failures="0" timestamp="17 Mar 2020 15:10:22 GMT" time="4.160" errors="0">
  <testcase name="TC_02" time="4.160" classname="com.hmr.testcases.MainPageTest"/>
</testsuite> <!-- com.hmr.testcases.MainPageTest -->
