<?xml version="1.0" encoding="UTF-8"?>
<!-- Generated by org.testng.reporters.JUnitReportReporter -->
<testsuite skipped="0" hostname="Admin-PC" name="com.hmr.testcases.MainLout" tests="1" failures="0" timestamp="17 Mar 2020 15:10:22 GMT" time="2.991" errors="0">
  <testcase name="TC_05" time="2.991" classname="com.hmr.testcases.MainLout"/>
</testsuite> <!-- com.hmr.testcases.MainLout -->
