<?xml version="1.0" encoding="UTF-8"?>
<!-- Generated by org.testng.reporters.JUnitReportReporter -->
<testsuite skipped="0" hostname="Admin-PC" name="com.hmr.testcases.MainProfile" tests="1" failures="0" timestamp="17 Mar 2020 15:10:22 GMT" time="3.467" errors="0">
  <testcase name="TC_03" time="3.467" classname="com.hmr.testcases.MainProfile"/>
</testsuite> <!-- com.hmr.testcases.MainProfile -->
